[2025-10-20T10:09:43.610+0000] {taskinstance.py:1956} INFO - Dependencies all met for dep_context=non-requeueable deps ti=<TaskInstance: weather_dag.is_weather_api_ready scheduled__2025-10-19T00:00:00+00:00 [queued]>
[2025-10-20T10:09:43.633+0000] {taskinstance.py:1956} INFO - Dependencies all met for dep_context=requeueable deps ti=<TaskInstance: weather_dag.is_weather_api_ready scheduled__2025-10-19T00:00:00+00:00 [queued]>
[2025-10-20T10:09:43.634+0000] {taskinstance.py:2170} INFO - Starting attempt 2 of 3
[2025-10-20T10:09:43.647+0000] {taskinstance.py:2191} INFO - Executing <Task(HttpSensor): is_weather_api_ready> on 2025-10-19 00:00:00+00:00
[2025-10-20T10:09:43.651+0000] {standard_task_runner.py:60} INFO - Started process 303 to run task
[2025-10-20T10:09:43.654+0000] {standard_task_runner.py:87} INFO - Running: ['***', 'tasks', 'run', 'weather_dag', 'is_weather_api_ready', 'scheduled__2025-10-19T00:00:00+00:00', '--job-id', '4', '--raw', '--subdir', 'DAGS_FOLDER/w2.py', '--cfg-path', '/tmp/tmp3352joui']
[2025-10-20T10:09:43.657+0000] {standard_task_runner.py:88} INFO - Job 4: Subtask is_weather_api_ready
[2025-10-20T10:09:43.686+0000] {logging_mixin.py:188} WARNING - /home/***/.local/lib/python3.8/site-packages/***/settings.py:194 DeprecationWarning: The sql_alchemy_conn option in [core] has been moved to the sql_alchemy_conn option in [database] - the old setting has been used, but please update your config.
[2025-10-20T10:09:43.781+0000] {task_command.py:423} INFO - Running <TaskInstance: weather_dag.is_weather_api_ready scheduled__2025-10-19T00:00:00+00:00 [running]> on host 778ae4896198
[2025-10-20T10:09:44.048+0000] {abstractoperator.py:707} ERROR - Exception rendering Jinja template for task 'is_weather_api_ready', field 'request_params'. Template: {'q': 'Delhi', 'appid': '{{ var.value.OPENWEATHER_API_KEY }}'}
Traceback (most recent call last):
  File "/home/airflow/.local/lib/python3.8/site-packages/airflow/models/abstractoperator.py", line 699, in _do_render_template_fields
    rendered_content = self.render_template(
  File "/home/airflow/.local/lib/python3.8/site-packages/airflow/template/templater.py", line 186, in render_template
    return {k: self.render_template(v, context, jinja_env, oids) for k, v in value.items()}
  File "/home/airflow/.local/lib/python3.8/site-packages/airflow/template/templater.py", line 186, in <dictcomp>
    return {k: self.render_template(v, context, jinja_env, oids) for k, v in value.items()}
  File "/home/airflow/.local/lib/python3.8/site-packages/airflow/template/templater.py", line 174, in render_template
    return self._render(template, context)
  File "/home/airflow/.local/lib/python3.8/site-packages/airflow/models/abstractoperator.py", line 654, in _render
    return super()._render(template, context, dag=dag)
  File "/home/airflow/.local/lib/python3.8/site-packages/airflow/template/templater.py", line 131, in _render
    return render_template_to_string(template, context)
  File "/home/airflow/.local/lib/python3.8/site-packages/airflow/utils/helpers.py", line 289, in render_template_to_string
    return render_template(template, cast(MutableMapping[str, Any], context), native=False)
  File "/home/airflow/.local/lib/python3.8/site-packages/airflow/utils/helpers.py", line 284, in render_template
    return "".join(nodes)
  File "<template>", line 12, in root
  File "/home/airflow/.local/lib/python3.8/site-packages/jinja2/sandbox.py", line 326, in getattr
    value = getattr(obj, attribute)
  File "/home/airflow/.local/lib/python3.8/site-packages/airflow/utils/context.py", line 105, in __getattr__
    self.var = Variable.get(key, deserialize_json=self._deserialize_json)
  File "/home/airflow/.local/lib/python3.8/site-packages/airflow/models/variable.py", line 143, in get
    raise KeyError(f"Variable {key} does not exist")
KeyError: 'Variable OPENWEATHER_API_KEY does not exist'
[2025-10-20T10:09:44.051+0000] {taskinstance.py:2698} ERROR - Task failed with exception
Traceback (most recent call last):
  File "/home/airflow/.local/lib/python3.8/site-packages/airflow/models/taskinstance.py", line 2334, in _run_raw_task
    self._execute_task_with_callbacks(context, test_mode, session=session)
  File "/home/airflow/.local/lib/python3.8/site-packages/airflow/models/taskinstance.py", line 2465, in _execute_task_with_callbacks
    task_orig = self.render_templates(context=context)
  File "/home/airflow/.local/lib/python3.8/site-packages/airflow/models/taskinstance.py", line 2877, in render_templates
    original_task.render_template_fields(context)
  File "/home/airflow/.local/lib/python3.8/site-packages/airflow/models/baseoperator.py", line 1241, in render_template_fields
    self._do_render_template_fields(self, self.template_fields, context, jinja_env, set())
  File "/home/airflow/.local/lib/python3.8/site-packages/airflow/utils/session.py", line 79, in wrapper
    return func(*args, session=session, **kwargs)
  File "/home/airflow/.local/lib/python3.8/site-packages/airflow/models/abstractoperator.py", line 699, in _do_render_template_fields
    rendered_content = self.render_template(
  File "/home/airflow/.local/lib/python3.8/site-packages/airflow/template/templater.py", line 186, in render_template
    return {k: self.render_template(v, context, jinja_env, oids) for k, v in value.items()}
  File "/home/airflow/.local/lib/python3.8/site-packages/airflow/template/templater.py", line 186, in <dictcomp>
    return {k: self.render_template(v, context, jinja_env, oids) for k, v in value.items()}
  File "/home/airflow/.local/lib/python3.8/site-packages/airflow/template/templater.py", line 174, in render_template
    return self._render(template, context)
  File "/home/airflow/.local/lib/python3.8/site-packages/airflow/models/abstractoperator.py", line 654, in _render
    return super()._render(template, context, dag=dag)
  File "/home/airflow/.local/lib/python3.8/site-packages/airflow/template/templater.py", line 131, in _render
    return render_template_to_string(template, context)
  File "/home/airflow/.local/lib/python3.8/site-packages/airflow/utils/helpers.py", line 289, in render_template_to_string
    return render_template(template, cast(MutableMapping[str, Any], context), native=False)
  File "/home/airflow/.local/lib/python3.8/site-packages/airflow/utils/helpers.py", line 284, in render_template
    return "".join(nodes)
  File "<template>", line 12, in root
  File "/home/airflow/.local/lib/python3.8/site-packages/jinja2/sandbox.py", line 326, in getattr
    value = getattr(obj, attribute)
  File "/home/airflow/.local/lib/python3.8/site-packages/airflow/utils/context.py", line 105, in __getattr__
    self.var = Variable.get(key, deserialize_json=self._deserialize_json)
  File "/home/airflow/.local/lib/python3.8/site-packages/airflow/models/variable.py", line 143, in get
    raise KeyError(f"Variable {key} does not exist")
KeyError: 'Variable OPENWEATHER_API_KEY does not exist'
[2025-10-20T10:09:44.075+0000] {taskinstance.py:1138} INFO - Marking task as UP_FOR_RETRY. dag_id=weather_dag, task_id=is_weather_api_ready, execution_date=20251019T000000, start_date=20251020T100943, end_date=20251020T100944
[2025-10-20T10:09:44.129+0000] {standard_task_runner.py:107} ERROR - Failed to execute job 4 for task is_weather_api_ready ('Variable OPENWEATHER_API_KEY does not exist'; 303)
[2025-10-20T10:09:44.148+0000] {local_task_job_runner.py:234} INFO - Task exited with return code 1
[2025-10-20T10:09:44.217+0000] {taskinstance.py:3280} INFO - 0 downstream tasks scheduled from follow-on schedule check
[2025-10-20T10:31:54.773+0000] {taskinstance.py:1956} INFO - Dependencies all met for dep_context=non-requeueable deps ti=<TaskInstance: weather_dag.is_weather_api_ready scheduled__2025-10-19T00:00:00+00:00 [queued]>
[2025-10-20T10:31:54.780+0000] {taskinstance.py:1956} INFO - Dependencies all met for dep_context=requeueable deps ti=<TaskInstance: weather_dag.is_weather_api_ready scheduled__2025-10-19T00:00:00+00:00 [queued]>
[2025-10-20T10:31:54.781+0000] {taskinstance.py:2170} INFO - Starting attempt 2 of 3
[2025-10-20T10:31:54.796+0000] {taskinstance.py:2191} INFO - Executing <Task(HttpSensor): is_weather_api_ready> on 2025-10-19 00:00:00+00:00
[2025-10-20T10:31:54.801+0000] {standard_task_runner.py:60} INFO - Started process 448 to run task
[2025-10-20T10:31:54.804+0000] {standard_task_runner.py:87} INFO - Running: ['***', 'tasks', 'run', 'weather_dag', 'is_weather_api_ready', 'scheduled__2025-10-19T00:00:00+00:00', '--job-id', '12', '--raw', '--subdir', 'DAGS_FOLDER/w2.py', '--cfg-path', '/tmp/tmpstp7o18d']
[2025-10-20T10:31:54.806+0000] {standard_task_runner.py:88} INFO - Job 12: Subtask is_weather_api_ready
[2025-10-20T10:31:54.840+0000] {logging_mixin.py:188} WARNING - /home/***/.local/lib/python3.8/site-packages/***/settings.py:194 DeprecationWarning: The sql_alchemy_conn option in [core] has been moved to the sql_alchemy_conn option in [database] - the old setting has been used, but please update your config.
[2025-10-20T10:31:54.931+0000] {task_command.py:423} INFO - Running <TaskInstance: weather_dag.is_weather_api_ready scheduled__2025-10-19T00:00:00+00:00 [running]> on host f8fb5772f3f4
[2025-10-20T10:31:55.258+0000] {taskinstance.py:2480} INFO - Exporting env vars: AIRFLOW_CTX_DAG_EMAIL='***@example.com' AIRFLOW_CTX_DAG_OWNER='***' AIRFLOW_CTX_DAG_ID='weather_dag' AIRFLOW_CTX_TASK_ID='is_weather_api_ready' AIRFLOW_CTX_EXECUTION_DATE='2025-10-19T00:00:00+00:00' AIRFLOW_CTX_TRY_NUMBER='2' AIRFLOW_CTX_DAG_RUN_ID='scheduled__2025-10-19T00:00:00+00:00'
[2025-10-20T10:31:55.259+0000] {http.py:130} INFO - Poking: /data/2.5/weather
[2025-10-20T10:31:55.288+0000] {base.py:83} INFO - Using connection ID 'weathermap_api' for task execution.
[2025-10-20T10:31:55.350+0000] {base.py:295} INFO - Success criteria met. Exiting.
[2025-10-20T10:31:55.383+0000] {taskinstance.py:1138} INFO - Marking task as SUCCESS. dag_id=weather_dag, task_id=is_weather_api_ready, execution_date=20251019T000000, start_date=20251020T103154, end_date=20251020T103155
[2025-10-20T10:31:55.418+0000] {local_task_job_runner.py:234} INFO - Task exited with return code 0
[2025-10-20T10:31:55.460+0000] {taskinstance.py:3280} INFO - 1 downstream tasks scheduled from follow-on schedule check
